<?xml version="1.0" encoding="UTF-8"?>
<!-- Generated by org.testng.reporters.JUnitXMLReporter -->
<testsuite ignored="0" hostname="LAPTOP-2J4OVC1L" failures="0" tests="4" name="Test" time="0.101" errors="0" timestamp="2021-11-24T23:27:07 IST">
  <testcase classname="testpackage.Test3" name="testC" time="0.006"/>
  <testcase classname="testpackage.Test3" name="testD" time="0.006"/>
  <testcase classname="testpackage.Test2" name="testA" time="0.002"/>
  <testcase classname="testpackage.Test2" name="testB" time="0.003"/>
</testsuite> <!-- Test -->
